-------------------------------------------------------------------------------
Test set: com.spring.microservices.course.CourseApplicationTests
-------------------------------------------------------------------------------
Tests run: 1, Failures: 0, Errors: 1, Skipped: 0, Time elapsed: 5.615 s <<< FAILURE! - in com.spring.microservices.course.CourseApplicationTests
contextLoads  Time elapsed: 0.002 s  <<< ERROR!
java.lang.IllegalStateException: Failed to load ApplicationContext
Caused by: org.springframework.beans.factory.UnsatisfiedDependencyException: Error creating bean with name 'courseController' defined in file [C:\Users\Pichau\Desktop\microservices\course\target\classes\com\spring\microservices\course\endpoint\controller\CourseController.class]: Unsatisfied dependency expressed through constructor parameter 0; nested exception is org.springframework.beans.factory.UnsatisfiedDependencyException: Error creating bean with name 'courseService' defined in file [C:\Users\Pichau\Desktop\microservices\course\target\classes\com\spring\microservices\course\endpoint\service\CourseService.class]: Unsatisfied dependency expressed through constructor parameter 0; nested exception is org.springframework.beans.factory.NoSuchBeanDefinitionException: No qualifying bean of type 'com.spring.microservices.core.repository.CourseRepository' available: expected at least 1 bean which qualifies as autowire candidate. Dependency annotations: {}
Caused by: org.springframework.beans.factory.UnsatisfiedDependencyException: Error creating bean with name 'courseService' defined in file [C:\Users\Pichau\Desktop\microservices\course\target\classes\com\spring\microservices\course\endpoint\service\CourseService.class]: Unsatisfied dependency expressed through constructor parameter 0; nested exception is org.springframework.beans.factory.NoSuchBeanDefinitionException: No qualifying bean of type 'com.spring.microservices.core.repository.CourseRepository' available: expected at least 1 bean which qualifies as autowire candidate. Dependency annotations: {}
Caused by: org.springframework.beans.factory.NoSuchBeanDefinitionException: No qualifying bean of type 'com.spring.microservices.core.repository.CourseRepository' available: expected at least 1 bean which qualifies as autowire candidate. Dependency annotations: {}

